<?xml version="1.0" encoding="UTF-8"?>
<!-- Generated by org.testng.reporters.JUnitReportReporter -->
<testsuite hostname="DESKTOP-4P9AAFC" failures="0" tests="1" name="stepDefs.Substract" time="5.070" errors="0" timestamp="2021-11-29T20:13:04 IST" skipped="0">
  <testcase classname="stepDefs.Substract" name="substraction" time="5.070"/>
  <system-out/>
</testsuite> <!-- stepDefs.Substract -->
