<?xml version="1.0" encoding="UTF-8"?>
<!-- Generated by org.testng.reporters.JUnitReportReporter -->
<testsuite hostname="DESKTOP-4P9AAFC" failures="0" tests="1" name="stepDefs.Division" time="4.306" errors="0" timestamp="2021-11-29T20:16:19 IST" skipped="0">
  <testcase classname="stepDefs.Division" name="f" time="4.306"/>
  <system-out/>
</testsuite> <!-- stepDefs.Division -->
